[2025-12-24 16:57:09] [INFO] [utilisateur-1] BORN -> Actor created successfully 
[2025-12-24 16:57:09] [INFO] [jira-manager] REMOTE_SEND -> Sending CreateTicketRequest with sender utilisateur-1
[2025-12-24 16:57:10] [INFO] [jira-manager] REMOTE_SEND -> Sending CreateTicketRequest with sender utilisateur-1
[2025-12-24 16:57:10] [INFO] [jira-manager] REMOTE_SEND -> Sending CreateTicketRequest with sender utilisateur-1
[2025-12-24 16:57:11] [INFO] [jira-manager] REMOTE_SEND -> Sending ListTicketsRequest with sender utilisateur-1
[2025-12-24 16:57:11] [INFO] [utilisateur-1] RECEIVE -> Processing message: CreateTicketRequest
[2025-12-24 16:57:11] [INFO] [jira-manager] REMOTE_SEND -> Sending DeleteTicketRequest with sender utilisateur-1
[2025-12-24 16:57:12] [INFO] [jira-manager] REMOTE_SEND -> Sending ListTicketsRequest with sender utilisateur-1
[2025-12-24 20:35:17] [INFO] [utilisateur-1] BORN -> Actor created successfully 
[2025-12-24 20:35:17] [INFO] [utilisateur-2] BORN -> Actor created successfully 
[2025-12-24 20:35:18] [INFO] [jira-manager] REMOTE_SEND -> Sending CreateTicketRequest with sender utilisateur-2
[2025-12-24 20:35:18] [INFO] [jira-manager] REMOTE_SEND -> Sending CreateTicketRequest with sender utilisateur-1
[2025-12-24 20:35:19] [INFO] [utilisateur-1] RECEIVE -> Processing message: CreateTicketRequest
[2025-12-24 20:44:44] [INFO] [utilisateur-1] BORN -> Actor created successfully 
[2025-12-24 20:44:44] [INFO] [utilisateur-2] BORN -> Actor created successfully 
[2025-12-24 20:44:44] [INFO] [jira-manager] REMOTE_SEND -> Sending DeleteTicketRequest with sender utilisateur-1
[2025-12-24 20:44:44] [INFO] [jira-manager] REMOTE_SEND -> Sending DeleteTicketRequest with sender utilisateur-1
[2025-12-24 20:46:42] [INFO] [utilisateur-1] BORN -> Actor created successfully 
[2025-12-24 20:46:42] [INFO] [utilisateur-2] BORN -> Actor created successfully 
[2025-12-24 20:46:42] [INFO] [jira-manager] REMOTE_SEND -> Sending CreateTicketRequest with sender utilisateur-1
[2025-12-24 20:46:43] [INFO] [jira-manager] REMOTE_SEND -> Sending CreateTicketRequest with sender utilisateur-2
[2025-12-24 20:46:43] [INFO] [jira-manager] REMOTE_SEND -> Sending CreateTicketRequest with sender utilisateur-1
[2025-12-24 21:18:49] [INFO] [utilisateur-1] BORN -> Actor created successfully 
[2025-12-24 21:18:49] [INFO] [utilisateur-2] BORN -> Actor created successfully 
[2025-12-24 21:18:49] [INFO] [jira-manager] REMOTE_SEND -> Sending DeleteTicketRequest with sender utilisateur-1
[2025-12-24 21:18:50] [INFO] [jira-manager] REMOTE_SEND -> Sending DeleteTicketRequest with sender utilisateur-1
[2025-12-24 21:18:50] [INFO] [jira-manager] REMOTE_SEND -> Sending DeleteTicketRequest with sender utilisateur-1
[2025-12-24 21:24:15] [INFO] [utilisateur-1] BORN -> Actor created successfully 
[2025-12-24 21:24:15] [INFO] [utilisateur-2] BORN -> Actor created successfully 
[2025-12-24 21:24:15] [INFO] [jira-manager] REMOTE_SEND -> Sending CreateTicketRequest with sender utilisateur-1
[2025-12-24 21:24:15] [INFO] [jira-manager] REMOTE_SEND -> Sending CreateTicketRequest with sender utilisateur-2
[2025-12-24 21:24:16] [INFO] [jira-manager] REMOTE_SEND -> Sending CreateTicketRequest with sender utilisateur-1
[2025-12-24 21:44:36] [INFO] [utilisateur-1] BORN -> Actor created successfully 
[2025-12-24 21:44:36] [INFO] [utilisateur-2] BORN -> Actor created successfully 
[2025-12-24 21:44:36] [INFO] [jira-manager] REMOTE_SEND -> Sending DeleteTicketRequest with sender utilisateur-1
[2025-12-24 21:44:37] [INFO] [jira-manager] REMOTE_SEND -> Sending DeleteTicketRequest with sender utilisateur-1
[2025-12-24 21:44:37] [INFO] [jira-manager] REMOTE_SEND -> Sending DeleteTicketRequest with sender utilisateur-1
[2025-12-24 21:54:36] [INFO] [utilisateur-1] BORN -> Actor created successfully 
[2025-12-24 21:54:36] [INFO] [utilisateur-2] BORN -> Actor created successfully 
[2025-12-24 21:54:36] [INFO] [jira-manager] REMOTE_SEND -> Sending CreateTicketRequest with sender utilisateur-1
[2025-12-24 21:54:36] [INFO] [jira-manager] REMOTE_SEND -> Sending CreateTicketRequest with sender utilisateur-2
[2025-12-24 21:54:36] [INFO] [jira-manager] REMOTE_SEND -> Sending CreateTicketRequest with sender utilisateur-1
[2025-12-24 22:17:13] [INFO] [utilisateur-1] BORN -> Actor created successfully 
[2025-12-24 22:17:13] [INFO] [utilisateur-2] BORN -> Actor created successfully 
[2025-12-24 22:17:14] [INFO] [jira-manager] REMOTE_SEND -> Sending DeleteTicketRequest with sender utilisateur-1
[2025-12-24 22:17:14] [INFO] [jira-manager] REMOTE_SEND -> Sending DeleteTicketRequest with sender utilisateur-1
[2025-12-24 22:17:14] [INFO] [jira-manager] REMOTE_SEND -> Sending DeleteTicketRequest with sender utilisateur-1
[2025-12-24 22:17:15] [INFO] [utilisateur-1] RECEIVE -> Processing message: TicketResponse
[2025-12-24 22:17:15] [INFO] [utilisateur-1] RECEIVE -> Processing message: TicketResponse
[2025-12-24 22:17:15] [INFO] [utilisateur-1] RECEIVE -> Processing message: TicketResponse
[2025-12-24 22:18:23] [INFO] [utilisateur-1] BORN -> Actor created successfully 
[2025-12-24 22:18:23] [INFO] [utilisateur-2] BORN -> Actor created successfully 
[2025-12-24 22:18:23] [INFO] [jira-manager] REMOTE_SEND -> Sending CreateTicketRequest with sender utilisateur-1
[2025-12-24 22:18:23] [INFO] [jira-manager] REMOTE_SEND -> Sending CreateTicketRequest with sender utilisateur-2
[2025-12-24 22:18:23] [INFO] [jira-manager] REMOTE_SEND -> Sending CreateTicketRequest with sender utilisateur-1
[2025-12-24 22:18:27] [INFO] [utilisateur-1] RECEIVE -> Processing message: TicketResponse
[2025-12-24 22:18:27] [INFO] [utilisateur-1] RECEIVE -> Processing message: TicketResponse
[2025-12-24 22:18:27] [INFO] [utilisateur-2] RECEIVE -> Processing message: TicketResponse
[2025-12-25 18:01:13] [INFO] [alice-dupont] BORN -> Actor created successfully 
[2025-12-25 18:01:13] [INFO] [bob-martin] BORN -> Actor created successfully 
[2025-12-25 18:01:13] [INFO] [charlie-bernard] BORN -> Actor created successfully 
[2025-12-25 18:01:13] [INFO] [jira-manager] REMOTE_SEND -> Sending CreateTicketRequest with sender alice-dupont
[2025-12-25 18:01:14] [INFO] [jira-manager] REMOTE_SEND -> Sending CreateTicketRequest with sender bob-martin
[2025-12-25 18:01:15] [INFO] [jira-manager] REMOTE_SEND -> Sending CreateTicketRequest with sender charlie-bernard
[2025-12-25 18:01:16] [INFO] [jira-manager] REMOTE_SEND -> Sending CreateTicketRequest with sender alice-dupont
[2025-12-25 18:01:17] [INFO] [jira-manager] REMOTE_SEND -> Sending CreateTicketRequest with sender bob-martin
[2025-12-25 18:01:18] [INFO] [jira-manager] REMOTE_SEND -> Sending CreateTicketRequest with sender charlie-bernard
[2025-12-25 18:01:20] [INFO] [jira-manager] REMOTE_SEND -> Sending ListTicketsRequest with sender alice-dupont
[2025-12-25 18:13:12] [INFO] [alice-dupont] BORN -> Actor created successfully 
[2025-12-25 18:13:12] [INFO] [bob-martin] BORN -> Actor created successfully 
[2025-12-25 18:13:12] [INFO] [charlie-bernard] BORN -> Actor created successfully 
[2025-12-25 18:13:12] [INFO] [jira-manager] REMOTE_SEND -> Sending CreateTicketRequest with sender alice-dupont
[2025-12-25 18:13:13] [INFO] [jira-manager] REMOTE_SEND -> Sending CreateTicketRequest with sender bob-martin
[2025-12-25 18:13:14] [INFO] [jira-manager] REMOTE_SEND -> Sending CreateTicketRequest with sender charlie-bernard
[2025-12-25 18:13:14] [INFO] [jira-manager] REMOTE_SEND -> Sending CreateTicketRequest with sender alice-dupont
[2025-12-25 18:13:15] [INFO] [jira-manager] REMOTE_SEND -> Sending CreateTicketRequest with sender bob-martin
[2025-12-25 18:13:16] [INFO] [jira-manager] REMOTE_SEND -> Sending CreateTicketRequest with sender charlie-bernard
[2025-12-25 18:13:19] [INFO] [jira-manager] REMOTE_SEND -> Sending ListTicketsRequest with sender alice-dupont
[2025-12-26 14:41:41] [INFO] [alice-dupont] BORN -> Actor created successfully 
[2025-12-26 14:41:41] [INFO] [bob-martin] BORN -> Actor created successfully 
[2025-12-26 14:41:41] [INFO] [charlie-bernard] BORN -> Actor created successfully 
[2025-12-26 14:41:41] [INFO] [jira-manager] REMOTE_SEND -> Sending CreateTicketRequest with sender alice-dupont
[2025-12-26 14:41:42] [INFO] [jira-manager] REMOTE_SEND -> Sending CreateTicketRequest with sender bob-martin
[2025-12-26 14:41:43] [INFO] [jira-manager] REMOTE_SEND -> Sending CreateTicketRequest with sender charlie-bernard
[2025-12-26 14:41:44] [INFO] [jira-manager] REMOTE_SEND -> Sending CreateTicketRequest with sender alice-dupont
[2025-12-26 14:41:45] [INFO] [jira-manager] REMOTE_SEND -> Sending CreateTicketRequest with sender bob-martin
[2025-12-26 14:41:46] [INFO] [jira-manager] REMOTE_SEND -> Sending CreateTicketRequest with sender charlie-bernard
[2025-12-26 14:41:56] [INFO] [jira-manager] REMOTE_SEND -> Sending DeleteTicketRequest with sender alice-dupont
[2025-12-26 14:42:07] [INFO] [bob-martin] RECEIVE -> Processing message: TalkMessage
[2025-12-26 14:42:07] [INFO] [alice-dupont] RECEIVE -> Processing message: TalkMessage
[2025-12-26 14:42:10] [INFO] [jira-manager] REMOTE_SEND -> Sending CreateTicketRequest with sender alice-dupont
[2025-12-26 15:19:50] [INFO] [alice-dupont] BORN -> Actor created successfully 
[2025-12-26 15:19:50] [INFO] [bob-martin] BORN -> Actor created successfully 
[2025-12-26 15:19:50] [INFO] [charlie-bernard] BORN -> Actor created successfully 
[2025-12-26 15:19:50] [INFO] [jira-manager] REMOTE_SEND -> Sending CreateTicketRequest with sender alice-dupont
[2025-12-26 15:19:51] [INFO] [jira-manager] REMOTE_SEND -> Sending CreateTicketRequest with sender bob-martin
[2025-12-26 15:19:52] [INFO] [jira-manager] REMOTE_SEND -> Sending CreateTicketRequest with sender charlie-bernard
[2025-12-26 15:19:53] [INFO] [jira-manager] REMOTE_SEND -> Sending CreateTicketRequest with sender alice-dupont
[2025-12-26 15:19:54] [INFO] [jira-manager] REMOTE_SEND -> Sending CreateTicketRequest with sender bob-martin
[2025-12-26 15:19:55] [INFO] [jira-manager] REMOTE_SEND -> Sending CreateTicketRequest with sender charlie-bernard
[2025-12-26 15:20:04] [INFO] [jira-manager] REMOTE_SEND -> Sending DeleteTicketRequest with sender alice-dupont
[2025-12-26 15:20:16] [INFO] [bob-martin] RECEIVE -> Processing message: TalkMessage
[2025-12-26 15:20:16] [INFO] [alice-dupont] RECEIVE -> Processing message: TalkMessage
[2025-12-26 15:20:18] [INFO] [jira-manager] REMOTE_SEND -> Sending CreateTicketRequest with sender alice-dupont
[2025-12-26 15:54:29] [INFO] [alice-dupont] BORN -> Actor created successfully 
[2025-12-26 15:54:29] [INFO] [bob-martin] BORN -> Actor created successfully 
[2025-12-26 15:54:29] [INFO] [charlie-bernard] BORN -> Actor created successfully 
[2025-12-26 15:54:29] [INFO] [jira-manager] REMOTE_SEND -> Sending CreateTicketRequest with sender alice-dupont
[2025-12-26 15:54:30] [INFO] [jira-manager] REMOTE_SEND -> Sending CreateTicketRequest with sender bob-martin
[2025-12-26 15:54:31] [INFO] [jira-manager] REMOTE_SEND -> Sending CreateTicketRequest with sender charlie-bernard
[2025-12-26 15:54:32] [INFO] [jira-manager] REMOTE_SEND -> Sending CreateTicketRequest with sender alice-dupont
[2025-12-26 15:54:32] [INFO] [jira-manager] REMOTE_SEND -> Sending CreateTicketRequest with sender bob-martin
[2025-12-26 15:54:33] [INFO] [jira-manager] REMOTE_SEND -> Sending CreateTicketRequest with sender charlie-bernard
[2025-12-26 15:54:36] [INFO] [jira-manager] REMOTE_ASK_SUCCESS -> Ask réussi après 1 tentative(s)
[2025-12-26 15:54:38] [INFO] [jira-manager] REMOTE_SEND -> Sending DeleteTicketRequest with sender alice-dupont
[2025-12-26 15:54:46] [INFO] [jira-manager] REMOTE_ASK_SUCCESS -> Ask réussi après 1 tentative(s)
[2025-12-26 15:54:49] [INFO] [bob-martin] RECEIVE -> Processing message: TalkMessage
[2025-12-26 15:54:49] [INFO] [alice-dupont] RECEIVE -> Processing message: TalkMessage
[2025-12-26 15:54:52] [INFO] [jira-manager] REMOTE_SEND -> Sending CreateTicketRequest with sender alice-dupont
[2025-12-26 17:03:27] [INFO] [alice-dupont] BORN -> Actor created successfully 
[2025-12-26 17:03:27] [INFO] [bob-martin] BORN -> Actor created successfully 
[2025-12-26 17:03:27] [INFO] [charlie-bernard] BORN -> Actor created successfully 
[2025-12-26 17:03:27] [INFO] [jira-manager] REMOTE_SEND -> Sending CreateTicketRequest with sender alice-dupont
[2025-12-26 17:03:28] [INFO] [jira-manager] REMOTE_SEND -> Sending CreateTicketRequest with sender bob-martin
[2025-12-26 17:03:28] [INFO] [jira-manager] REMOTE_SEND -> Sending CreateTicketRequest with sender charlie-bernard
[2025-12-26 17:03:29] [INFO] [jira-manager] REMOTE_SEND -> Sending CreateTicketRequest with sender alice-dupont
[2025-12-26 17:03:30] [INFO] [jira-manager] REMOTE_SEND -> Sending CreateTicketRequest with sender bob-martin
[2025-12-26 17:03:31] [INFO] [jira-manager] REMOTE_SEND -> Sending CreateTicketRequest with sender charlie-bernard
[2025-12-26 17:03:34] [WARN] [jira-manager] REMOTE_ASK_RETRY -> Tentative 1 échouée : Service ms-restaurant introuvable
[2025-12-26 17:03:35] [WARN] [jira-manager] REMOTE_ASK_RETRY -> Tentative 2 échouée : Service ms-restaurant introuvable
[2025-12-26 17:03:36] [WARN] [jira-manager] REMOTE_ASK_RETRY -> Tentative 3 échouée : Service ms-restaurant introuvable
[2025-12-26 17:03:38] [INFO] [jira-manager] REMOTE_SEND -> Sending DeleteTicketRequest with sender alice-dupont
[2025-12-26 17:03:41] [WARN] [jira-manager] REMOTE_ASK_RETRY -> Tentative 1 échouée : Service ms-restaurant introuvable
[2025-12-26 17:03:42] [WARN] [jira-manager] REMOTE_ASK_RETRY -> Tentative 2 échouée : Service ms-restaurant introuvable
[2025-12-26 17:03:43] [WARN] [jira-manager] REMOTE_ASK_RETRY -> Tentative 3 échouée : Service ms-restaurant introuvable
[2025-12-26 17:03:45] [INFO] [alice-dupont] RECEIVE -> Processing message: TalkMessage
[2025-12-26 17:03:47] [INFO] [bob-martin] RECEIVE -> Processing message: TalkMessage
[2025-12-26 17:03:49] [INFO] [jira-manager] REMOTE_SEND -> Sending CreateTicketRequest with sender alice-dupont
[2025-12-26 17:05:15] [INFO] [alice-dupont] BORN -> Actor created successfully 
[2025-12-26 17:05:15] [INFO] [bob-martin] BORN -> Actor created successfully 
[2025-12-26 17:05:15] [INFO] [charlie-bernard] BORN -> Actor created successfully 
[2025-12-26 17:05:15] [INFO] [jira-manager] REMOTE_SEND -> Sending CreateTicketRequest with sender alice-dupont
[2025-12-26 17:05:16] [INFO] [jira-manager] REMOTE_SEND -> Sending CreateTicketRequest with sender bob-martin
[2025-12-26 17:05:17] [INFO] [jira-manager] REMOTE_SEND -> Sending CreateTicketRequest with sender charlie-bernard
[2025-12-26 17:05:18] [INFO] [jira-manager] REMOTE_SEND -> Sending CreateTicketRequest with sender alice-dupont
[2025-12-26 17:05:19] [INFO] [jira-manager] REMOTE_SEND -> Sending CreateTicketRequest with sender bob-martin
[2025-12-26 17:05:19] [INFO] [jira-manager] REMOTE_SEND -> Sending CreateTicketRequest with sender charlie-bernard
[2025-12-26 17:05:29] [INFO] [jira-manager] REMOTE_ASK_SUCCESS -> Ask réussi après 1 tentative(s)
[2025-12-26 17:05:29] [INFO] [charlie-bernard] RECEIVE -> Processing message: TicketResponse
[2025-12-26 17:05:29] [INFO] [jira-manager] REMOTE_SEND -> Sending DeleteTicketRequest with sender alice-dupont
[2025-12-26 17:05:31] [INFO] [alice-dupont] RECEIVE -> Processing message: TicketResponse
[2025-12-26 17:05:35] [INFO] [jira-manager] REMOTE_ASK_SUCCESS -> Ask réussi après 1 tentative(s)
[2025-12-26 17:05:37] [INFO] [alice-dupont] RECEIVE -> Processing message: TalkMessage
[2025-12-26 17:05:39] [INFO] [bob-martin] RECEIVE -> Processing message: TalkMessage
[2025-12-26 17:05:41] [INFO] [jira-manager] REMOTE_SEND -> Sending CreateTicketRequest with sender alice-dupont
[2025-12-26 17:07:00] [INFO] [alice-dupont] BORN -> Actor created successfully 
[2025-12-26 17:07:00] [INFO] [bob-martin] BORN -> Actor created successfully 
[2025-12-26 17:07:00] [INFO] [charlie-bernard] BORN -> Actor created successfully 
[2025-12-26 17:07:00] [INFO] [jira-manager] REMOTE_SEND -> Sending CreateTicketRequest with sender alice-dupont
[2025-12-26 17:07:01] [INFO] [jira-manager] REMOTE_SEND -> Sending CreateTicketRequest with sender bob-martin
[2025-12-26 17:07:02] [INFO] [jira-manager] REMOTE_SEND -> Sending CreateTicketRequest with sender charlie-bernard
[2025-12-26 17:07:03] [INFO] [jira-manager] REMOTE_SEND -> Sending CreateTicketRequest with sender alice-dupont
[2025-12-26 17:07:04] [INFO] [jira-manager] REMOTE_SEND -> Sending CreateTicketRequest with sender bob-martin
[2025-12-26 17:07:04] [INFO] [jira-manager] REMOTE_SEND -> Sending CreateTicketRequest with sender charlie-bernard
[2025-12-26 17:07:08] [INFO] [jira-manager] REMOTE_ASK_SUCCESS -> Ask réussi après 1 tentative(s)
[2025-12-26 17:07:10] [INFO] [jira-manager] REMOTE_SEND -> Sending DeleteTicketRequest with sender alice-dupont
[2025-12-26 17:07:17] [INFO] [jira-manager] REMOTE_ASK_SUCCESS -> Ask réussi après 1 tentative(s)
[2025-12-26 17:07:20] [INFO] [bob-martin] RECEIVE -> Processing message: TalkMessage
[2025-12-26 17:07:20] [INFO] [alice-dupont] RECEIVE -> Processing message: TalkMessage
[2025-12-26 17:07:23] [INFO] [jira-manager] REMOTE_SEND -> Sending CreateTicketRequest with sender alice-dupont
